============================= test session starts ==============================
platform linux -- Python 3.11.10, pytest-8.3.3, pluggy-1.5.0
rootdir: /home/runner/work/idss-engine-commons/idss-engine-commons/python/idsse_common
plugins: cov-4.1.0
collected 218 items

test/sci/test_bit_pack.py ........                                       [  3%]
test/sci/test_geo_image.py ......................                        [ 13%]
test/sci/test_grid_proj.py .......................                       [ 24%]
test/sci/test_netcdf_io.py ....                                          [ 26%]
test/sci/test_vectaster.py ...............                               [ 33%]
test/test_aws_utils.py ..................                                [ 41%]
test/test_config.py ............                                         [ 46%]
test/test_json_message.py ...........                                    [ 51%]
test/test_log_util.py .....                                              [ 54%]
test/test_path_builder.py ......................                         [ 64%]
test/test_rabbitmq_utils.py .......                                      [ 67%]
test/test_utils.py ...........................                           [ 79%]
test/test_validate_criteria_schema.py ......                             [ 82%]
test/test_validate_das_schema.py ...............                         [ 89%]
test/test_validate_das_web_schema.py .........                           [ 93%]
test/test_validate_event_port_schema.py .....                            [ 95%]
test/test_validate_new_data_schema.py .........                          [100%]

- generated xml file: /home/runner/work/idss-engine-commons/idss-engine-commons/python/idsse_common/test/pytest.xml -

---------- coverage: platform linux, python 3.11.10-final-0 ----------
Name                              Stmts   Miss  Cover
-----------------------------------------------------
idsse/common/__init__.py              0      0   100%
idsse/common/aws_utils.py            91      7    92%
idsse/common/config.py               69      5    93%
idsse/common/json_message.py         24      1    96%
idsse/common/log_util.py             41      3    93%
idsse/common/path_builder.py        128     10    92%
idsse/common/rabbitmq_utils.py      193     83    57%
idsse/common/sci/__init__.py          0      0   100%
idsse/common/sci/bit_pack.py         84      3    96%
idsse/common/sci/geo_image.py       236     17    93%
idsse/common/sci/grid_proj.py        95      1    99%
idsse/common/sci/netcdf_io.py        48      0   100%
idsse/common/sci/utils.py            10      0   100%
idsse/common/sci/vectaster.py       190     17    91%
idsse/common/utils.py               122     10    92%
idsse/common/validate_schema.py      40      0   100%
-----------------------------------------------------
TOTAL                              1371    157    89%

============================= 218 passed in 5.52s ==============================
