============================= test session starts ==============================
platform linux -- Python 3.11.7, pytest-7.4.4, pluggy-1.3.0
rootdir: /home/runner/work/idss-engine-commons/idss-engine-commons/python/idsse_common
plugins: cov-4.1.0
collected 190 items / 1 error

==================================== ERRORS ====================================
__________________ ERROR collecting test/test_image_utils.py ___________________
ImportError while importing test module '/home/runner/work/idss-engine-commons/idss-engine-commons/python/idsse_common/test/test_image_utils.py'.
Hint: make sure your test modules/packages have valid Python names.
Traceback:
/opt/hostedtoolcache/Python/3.11.7/x64/lib/python3.11/importlib/__init__.py:126: in import_module
    return _bootstrap._gcd_import(name[level:], package, level)
test/test_image_utils.py:17: in <module>
    from idsse.common.image_utils import GeoImage
idsse/common/image_utils.py:17: in <module>
    from PIL import Image
E   ModuleNotFoundError: No module named 'PIL'
=============================== warnings summary ===============================
idsse/common/validate_schema.py:15
idsse/common/validate_schema.py:15
  /home/runner/work/idss-engine-commons/idss-engine-commons/python/idsse_common/idsse/common/validate_schema.py:15: DeprecationWarning: jsonschema.RefResolver is deprecated as of v4.18.0, in favor of the https://github.com/python-jsonschema/referencing library, which provides more compliant referencing behavior as well as more flexible APIs for customization. A future release will remove RefResolver. Please file a feature request (on referencing) if you are missing an API for the kind of customization you need.
    from jsonschema import FormatChecker, RefResolver  # pylint: disable=no-name-in-module

-- Docs: https://docs.pytest.org/en/stable/how-to/capture-warnings.html
- generated xml file: /home/runner/work/idss-engine-commons/idss-engine-commons/python/idsse_common/test/pytest.xml -

---------- coverage: platform linux, python 3.11.7-final-0 -----------
Name                              Stmts   Miss  Cover
-----------------------------------------------------
idsse/common/__init__.py              0      0   100%
idsse/common/aws_utils.py            86     70    19%
idsse/common/config.py               68     48    29%
idsse/common/grid_proj.py           112     70    38%
idsse/common/image_utils.py          81     75     7%
idsse/common/json_message.py         23     17    26%
idsse/common/log_util.py             43     24    44%
idsse/common/netcdf_io.py            47     32    32%
idsse/common/path_builder.py        128     84    34%
idsse/common/publish_confirm.py     151    107    29%
idsse/common/rabbitmq_utils.py       61     29    52%
idsse/common/utils.py               103     65    37%
idsse/common/validate_schema.py      40     32    20%
idsse/common/vectaster.py           163    134    18%
-----------------------------------------------------
TOTAL                              1106    787    29%

=========================== short test summary info ============================
ERROR test/test_image_utils.py
!!!!!!!!!!!!!!!!!!!! Interrupted: 1 error during collection !!!!!!!!!!!!!!!!!!!!
========================= 2 warnings, 1 error in 0.85s =========================
