============================= test session starts ==============================
platform linux -- Python 3.11.12, pytest-8.4.0, pluggy-1.6.0
rootdir: /home/runner/work/idss-engine-commons/idss-engine-commons/python/idsse_common
plugins: cov-4.1.0, pytest_httpserver-1.1.3
collected 262 items

test/sci/test_bit_pack.py ........                                       [  3%]
test/sci/test_geo_image.py ......................                        [ 11%]
test/sci/test_grid_proj.py .......................                       [ 20%]
test/sci/test_netcdf_io.py ....                                          [ 21%]
test/sci/test_vectaster.py ...............                               [ 27%]
test/test_aws_utils.py ...................                               [ 34%]
test/test_config.py ............                                         [ 39%]
test/test_http_utils.py .............                                    [ 44%]
test/test_json_message.py ...........                                    [ 48%]
test/test_log_util.py .......                                            [ 51%]
test/test_path_builder.py ...................                            [ 58%]
test/test_rabbitmq_rpc.py .........                                      [ 61%]
test/test_rabbitmq_utils.py ........................                     [ 70%]
test/test_utils.py ...............................                       [ 82%]
test/test_validate_criteria_schema.py ......                             [ 85%]
test/test_validate_das_schema.py ...............                         [ 90%]
test/test_validate_das_web_schema.py .........                           [ 94%]
test/test_validate_event_port_schema.py ......                           [ 96%]
test/test_validate_new_data_schema.py .........                          [100%]

- generated xml file: /home/runner/work/idss-engine-commons/idss-engine-commons/python/idsse_common/test/pytest.xml -

---------- coverage: platform linux, python 3.11.12-final-0 ----------
Name                              Stmts   Miss  Cover
-----------------------------------------------------
idsse/common/__init__.py              0      0   100%
idsse/common/aws_utils.py            43      2    95%
idsse/common/config.py               69      5    93%
idsse/common/http_utils.py           40      4    90%
idsse/common/json_message.py         24      1    96%
idsse/common/log_util.py             41      3    93%
idsse/common/path_builder.py        211     22    90%
idsse/common/protocol_utils.py       84      8    90%
idsse/common/rabbitmq_rpc.py        110      2    98%
idsse/common/rabbitmq_utils.py      228     35    85%
idsse/common/sci/__init__.py          0      0   100%
idsse/common/sci/bit_pack.py         84      3    96%
idsse/common/sci/geo_image.py       236     17    93%
idsse/common/sci/grid_proj.py        95      1    99%
idsse/common/sci/netcdf_io.py        47      0   100%
idsse/common/sci/utils.py            10      0   100%
idsse/common/sci/vectaster.py       190     17    91%
idsse/common/utils.py               178     22    88%
idsse/common/validate_schema.py      40      0   100%
-----------------------------------------------------
TOTAL                              1730    142    92%

============================= 262 passed in 6.69s ==============================
