============================= test session starts ==============================
platform linux -- Python 3.11.14, pytest-8.4.2, pluggy-1.6.0
rootdir: /home/runner/work/idss-engine-commons/idss-engine-commons/python/idsse_common
plugins: pytest_httpserver-1.1.3, cov-4.1.0
collected 274 items

test/sci/test_bit_pack.py ........                                       [  2%]
test/sci/test_geo_image.py ......................                        [ 10%]
test/sci/test_grid_proj.py ....................................          [ 24%]
test/sci/test_netcdf_io.py ...                                           [ 25%]
test/sci/test_vectaster.py ...............                               [ 30%]
test/test_aws_utils.py ...................                               [ 37%]
test/test_config.py ............                                         [ 41%]
test/test_http_utils.py .............                                    [ 46%]
test/test_json_message.py ...........                                    [ 50%]
test/test_log_util.py .......                                            [ 53%]
test/test_path_builder.py ...................                            [ 60%]
test/test_rabbitmq_rpc.py .........                                      [ 63%]
test/test_rabbitmq_utils.py ........................                     [ 72%]
test/test_utils.py ...............................                       [ 83%]
test/test_validate_criteria_schema.py ......                             [ 85%]
test/test_validate_das_schema.py ...............                         [ 91%]
test/test_validate_das_web_schema.py .........                           [ 94%]
test/test_validate_event_port_schema.py ......                           [ 96%]
test/test_validate_new_data_schema.py .........                          [100%]

- generated xml file: /home/runner/work/idss-engine-commons/idss-engine-commons/python/idsse_common/test/pytest.xml -

---------- coverage: platform linux, python 3.11.14-final-0 ----------
Name                              Stmts   Miss  Cover
-----------------------------------------------------
idsse/common/__init__.py              0      0   100%
idsse/common/aws_utils.py            43      2    95%
idsse/common/config.py               69      5    93%
idsse/common/http_utils.py           40      4    90%
idsse/common/json_message.py         24      1    96%
idsse/common/log_util.py             41      3    93%
idsse/common/path_builder.py        211     22    90%
idsse/common/protocol_utils.py       91      4    96%
idsse/common/rabbitmq_rpc.py        110      2    98%
idsse/common/rabbitmq_utils.py      226     31    86%
idsse/common/sci/__init__.py          0      0   100%
idsse/common/sci/bit_pack.py         85      3    96%
idsse/common/sci/geo_image.py       236     17    93%
idsse/common/sci/grid_proj.py       132      1    99%
idsse/common/sci/netcdf_io.py        44      0   100%
idsse/common/sci/utils.py            10      0   100%
idsse/common/sci/vectaster.py       190     17    91%
idsse/common/utils.py               177     22    88%
idsse/common/validate_schema.py      40      0   100%
-----------------------------------------------------
TOTAL                              1769    134    92%

============================= 274 passed in 6.93s ==============================
