============================= test session starts ==============================
platform linux -- Python 3.11.4, pytest-7.4.0, pluggy-1.2.0
rootdir: /home/runner/work/idss-engine-commons/idss-engine-commons/python/idsse_common
plugins: cov-4.1.0
collected 66 items

test_aws_utils.py ...............                                        [ 22%]
test_config.py ............                                              [ 40%]
test_path_builder.py .....................                               [ 72%]
test_utils.py ..........                                                 [ 87%]
test_validate_schema.py ........                                         [100%]

=============================== warnings summary ===============================
../idsse/common/validate_schema.py:15
../idsse/common/validate_schema.py:15
  /home/runner/work/idss-engine-commons/idss-engine-commons/python/idsse_common/idsse/common/validate_schema.py:15: DeprecationWarning: Importing Validator directly from the jsonschema package is deprecated and will become an ImportError. Import it from jsonschema.protocols instead.
    from jsonschema import Validator, FormatChecker, RefResolver

../idsse/common/validate_schema.py:15
../idsse/common/validate_schema.py:15
  /home/runner/work/idss-engine-commons/idss-engine-commons/python/idsse_common/idsse/common/validate_schema.py:15: DeprecationWarning: jsonschema.RefResolver is deprecated as of v4.18.0, in favor of the https://github.com/python-jsonschema/referencing library, which provides more compliant referencing behavior as well as more flexible APIs for customization. A future release will remove RefResolver. Please file a feature request (on referencing) if you are missing an API for the kind of customization you need.
    from jsonschema import Validator, FormatChecker, RefResolver

-- Docs: https://docs.pytest.org/en/stable/how-to/capture-warnings.html
- generated xml file: /home/runner/work/idss-engine-commons/idss-engine-commons/python/idsse_common/test/pytest.xml -

---------- coverage: platform linux, python 3.11.4-final-0 -----------
Name                                                                                                            Stmts   Miss  Cover
-----------------------------------------------------------------------------------------------------------------------------------
/home/runner/work/idss-engine-commons/idss-engine-commons/python/idsse_common/idsse/common/__init__.py              0      0   100%
/home/runner/work/idss-engine-commons/idss-engine-commons/python/idsse_common/idsse/common/aws_utils.py            78      6    92%
/home/runner/work/idss-engine-commons/idss-engine-commons/python/idsse_common/idsse/common/config.py               74      9    88%
/home/runner/work/idss-engine-commons/idss-engine-commons/python/idsse_common/idsse/common/json_message.py         22     22     0%
/home/runner/work/idss-engine-commons/idss-engine-commons/python/idsse_common/idsse/common/log_util.py             38     38     0%
/home/runner/work/idss-engine-commons/idss-engine-commons/python/idsse_common/idsse/common/path_builder.py        127     10    92%
/home/runner/work/idss-engine-commons/idss-engine-commons/python/idsse_common/idsse/common/publish_confirm.py     141    141     0%
/home/runner/work/idss-engine-commons/idss-engine-commons/python/idsse_common/idsse/common/utils.py                78     33    58%
/home/runner/work/idss-engine-commons/idss-engine-commons/python/idsse_common/idsse/common/validate_schema.py      42      0   100%
-----------------------------------------------------------------------------------------------------------------------------------
TOTAL                                                                                                             600    259    57%

======================== 66 passed, 4 warnings in 0.84s ========================
