<?xml version="1.0" encoding="utf-8"?><testsuites><testsuite name="pytest" errors="1" failures="0" skipped="0" tests="1" time="0.659" timestamp="2023-08-24T15:22:06.654408" hostname="fv-az471-260"><testcase classname="" name="test.test_grid_proj" time="0.000"><error message="collection failure">ImportError while importing test module '/home/runner/work/idss-engine-commons/idss-engine-commons/python/idsse_common/test/test_grid_proj.py'.
Hint: make sure your test modules/packages have valid Python names.
Traceback:
/opt/hostedtoolcache/Python/3.11.4/x64/lib/python3.11/importlib/__init__.py:126: in import_module
    return _bootstrap._gcd_import(name[level:], package, level)
test_grid_proj.py:18: in &lt;module&gt;
    from idsse.common.grid_proj import GridProj, RoundingMethod
../idsse/common/grid_proj.py:17: in &lt;module&gt;
    from pyproj import CRS, Transformer
E   ModuleNotFoundError: No module named 'pyproj'</error></testcase></testsuite></testsuites>