<?xml version="1.0" encoding="utf-8"?><testsuites><testsuite name="pytest" errors="0" failures="0" skipped="0" tests="124" time="1.495" timestamp="2023-10-19T23:33:57.167965" hostname="fv-az1241-539"><testcase classname="test.test_aws_utils" name="test_get_path" time="0.002" /><testcase classname="test.test_aws_utils" name="test_aws_ls" time="0.002" /><testcase classname="test.test_aws_utils" name="test_aws_ls_without_prepend_path" time="0.001" /><testcase classname="test.test_aws_utils" name="test_aws_ls_retries_with_s3_command_line" time="0.001" /><testcase classname="test.test_aws_utils" name="test_aws_ls_returns_empty_array_on_error" time="0.001" /><testcase classname="test.test_aws_utils" name="test_aws_cp_succeeds" time="0.001" /><testcase classname="test.test_aws_utils" name="test_aws_cp_retries_with_s3_command_line" time="0.001" /><testcase classname="test.test_aws_utils" name="test_aws_cp_fails" time="0.001" /><testcase classname="test.test_aws_utils" name="test_check_for_succeeds" time="0.002" /><testcase classname="test.test_aws_utils" name="test_check_for_does_not_find_valid" time="0.002" /><testcase classname="test.test_aws_utils" name="test_get_issues" time="0.002" /><testcase classname="test.test_aws_utils" name="test_get_issues_with_same_start_stop" time="0.002" /><testcase classname="test.test_aws_utils" name="test_get_issues_latest_issue_from_today_if_no_args_passed" time="0.002" /><testcase classname="test.test_aws_utils" name="test_get_valids_all" time="0.002" /><testcase classname="test.test_aws_utils" name="test_get_valids_with_start_filter" time="0.002" /><testcase classname="test.test_aws_utils" name="test_get_valids_with_start_and_end_filer" time="0.002" /><testcase classname="test.test_aws_utils" name="test_get_valids_with_same_start_end_filer" time="0.002" /><testcase classname="test.test_aws_utils" name="test_get_valids_with_wildcards" time="0.002" /><testcase classname="test.test_config" name="test_load_from_dict_without_key" time="0.001" /><testcase classname="test.test_config" name="test_load_from_dict_as_string_without_key" time="0.001" /><testcase classname="test.test_config" name="test_load_from_dict_with_name_key" time="0.001" /><testcase classname="test.test_config" name="test_load_from_dict_require_string_key" time="0.001" /><testcase classname="test.test_config" name="test_load_from_dict_require_list_key" time="0.001" /><testcase classname="test.test_config" name="test_load_with_missing_attribute_should_fail" time="0.001" /><testcase classname="test.test_config" name="test_config_str_with_no_files_raises_error" time="0.001" /><testcase classname="test.test_config" name="test_config_list_of_dicts_succeeds" time="0.001" /><testcase classname="test.test_config" name="test_load_with_ignore_missing_attribute" time="0.001" /><testcase classname="test.test_config" name="test_load_from_file" time="0.006" /><testcase classname="test.test_config" name="test_load_from_files_with_out_key" time="0.010" /><testcase classname="test.test_config" name="test_load_from_files_with_key" time="0.010" /><testcase classname="test.test_grid_proj" name="test_from_proj_grid_spec" time="0.003" /><testcase classname="test.test_grid_proj" name="test_from_proj_grid_spec_with_offset" time="0.002" /><testcase classname="test.test_grid_proj" name="test_get_width" time="0.002" /><testcase classname="test.test_grid_proj" name="test_get_height" time="0.002" /><testcase classname="test.test_grid_proj" name="test_get_shape" time="0.002" /><testcase classname="test.test_grid_proj" name="test_fliplr" time="0.002" /><testcase classname="test.test_grid_proj" name="test_flipud" time="0.002" /><testcase classname="test.test_grid_proj" name="test_flip_both_lr_ud" time="0.002" /><testcase classname="test.test_grid_proj" name="test_map_crs_to_pixel_round_half_away" time="0.002" /><testcase classname="test.test_grid_proj" name="test_map_crs_to_pixel_round_floor" time="0.002" /><testcase classname="test.test_grid_proj" name="test_map_geo_to_crs" time="0.002" /><testcase classname="test.test_grid_proj" name="test_map_pixel_to_crs" time="0.002" /><testcase classname="test.test_grid_proj" name="test_map_pixel_to_geo" time="0.002" /><testcase classname="test.test_grid_proj" name="test_map_crs_to_geo" time="0.002" /><testcase classname="test.test_grid_proj" name="test_crs_to_pixel_no_rounding" time="0.002" /><testcase classname="test.test_grid_proj" name="test_crs_to_pixel_floor" time="0.002" /><testcase classname="test.test_grid_proj" name="test_crs_to_pixel_round" time="0.002" /><testcase classname="test.test_grid_proj" name="test_crs_to_pixel_round_str" time="0.002" /><testcase classname="test.test_grid_proj" name="test_compound_transformations_stay_consistent" time="0.002" /><testcase classname="test.test_path_builder" name="test_from_dir_filename_creates_valid_pathbuilder" time="0.001" /><testcase classname="test.test_path_builder" name="test_from_path_creates_valid_pathbuilder" time="0.001" /><testcase classname="test.test_path_builder" name="test_dir_fmt" time="0.001" /><testcase classname="test.test_path_builder" name="test_filename_fmt" time="0.001" /><testcase classname="test.test_path_builder" name="test_file_ext" time="0.001" /><testcase classname="test.test_path_builder" name="test_path_fmt" time="0.001" /><testcase classname="test.test_path_builder" name="test_build_dir_gets_issue_valid_and_lead" time="0.001" /><testcase classname="test.test_path_builder" name="test_build_dir_fails_without_issue" time="0.001" /><testcase classname="test.test_path_builder" name="test_build_filename" time="0.001" /><testcase classname="test.test_path_builder" name="test_build_path" time="0.001" /><testcase classname="test.test_path_builder" name="test_parse_dir" time="0.001" /><testcase classname="test.test_path_builder" name="test_parse_filename" time="0.001" /><testcase classname="test.test_path_builder" name="test_get_issue" time="0.001" /><testcase classname="test.test_path_builder" name="test_get_valid_from_issue_and_lead" time="0.001" /><testcase classname="test.test_path_builder" name="test_get_valid_returns_none_when_issue_or_lead_failed" time="0.001" /><testcase classname="test.test_path_builder" name="test_get_issue_from_time_args" time="0.001" /><testcase classname="test.test_path_builder" name="test_get_issue_returns_none_if_args_empty" time="0.001" /><testcase classname="test.test_path_builder" name="test_get_valid_from_time_args" time="0.001" /><testcase classname="test.test_path_builder" name="test_get_valid_returns_none_if_args_empty" time="0.001" /><testcase classname="test.test_path_builder" name="test_get_valid_from_time_args_calculates_based_on_lead" time="0.001" /><testcase classname="test.test_path_builder" name="test_get_lead_from_time_args" time="0.001" /><testcase classname="test.test_publish_confirm" name="test_publish_confirm_start_and_stop" time="0.103" /><testcase classname="test.test_publish_confirm" name="test_delivery_confirmation_handles_nack" time="0.103" /><testcase classname="test.test_publish_confirm" name="test_publish_message_success" time="0.104" /><testcase classname="test.test_publish_confirm" name="test_publish_message_exception_when_channel_not_open" time="0.002" /><testcase classname="test.test_publish_confirm" name="test_publish_message_failure_rmq_error" time="0.104" /><testcase classname="test.test_publish_confirm" name="test_on_channel_closed" time="0.104" /><testcase classname="test.test_utils" name="test_timedelta_minute" time="0.001" /><testcase classname="test.test_utils" name="test_timedelta_hour" time="0.001" /><testcase classname="test.test_utils" name="test_timedelta_day" time="0.001" /><testcase classname="test.test_utils" name="test_map_dict_init_with_args" time="0.001" /><testcase classname="test.test_utils" name="test_map_dict_init_with_kwargs" time="0.001" /><testcase classname="test.test_utils" name="test_map_dict_set_value" time="0.001" /><testcase classname="test.test_utils" name="test_exec_cmd" time="0.004" /><testcase classname="test.test_utils" name="test_to_iso" time="0.001" /><testcase classname="test.test_utils" name="test_to_compact" time="0.001" /><testcase classname="test.test_utils" name="test_hash_code[Everyone is equal-1346529203]" time="0.001" /><testcase classname="test.test_utils" name="test_hash_code[You are awesome--1357061130]" time="0.001" /><testcase classname="test.test_utils" name="test_dict_copy_with" time="0.001" /><testcase classname="test.test_utils" name="test_datetime_gen_forward" time="0.001" /><testcase classname="test.test_utils" name="test_datetime_gen_backwards" time="0.001" /><testcase classname="test.test_utils" name="test_datetime_gen_bound" time="0.001" /><testcase classname="test.test_utils" name="test_datetime_gen_switch_time_delta_sign" time="0.001" /><testcase classname="test.test_utils" name="test_round_half_away_int[2.5-3]" time="0.001" /><testcase classname="test.test_utils" name="test_round_half_away_int[-14.5--15]" time="0.001" /><testcase classname="test.test_utils" name="test_round_half_away_int[3.49999-3]" time="0.001" /><testcase classname="test.test_utils" name="test_round_half_away_float[9.5432-9.5]" time="0.001" /><testcase classname="test.test_utils" name="test_round_half_away_float[-0.8765--0.9]" time="0.001" /><testcase classname="test.test_utils" name="test_round_half_away_with_precision[100.987654321-100.988]" time="0.001" /><testcase classname="test.test_utils" name="test_round_half_away_with_precision[-43.21098--43.211]" time="0.001" /><testcase classname="test.test_utils" name="test_round_half_away_with_precision[3.141592653589793-3.142]" time="0.001" /><testcase classname="test.test_validate_schema" name="test_validate_das_issue_request" time="0.005" /><testcase classname="test.test_validate_schema" name="test_validate_das_bad_issue_request" time="0.005" /><testcase classname="test.test_validate_schema" name="test_validate_das_valid_request" time="0.004" /><testcase classname="test.test_validate_schema" name="test_validate_das_bad_valid_request" time="0.004" /><testcase classname="test.test_validate_schema" name="test_validate_das_lead_request" time="0.005" /><testcase classname="test.test_validate_schema" name="test_validate_das_bad_lead_request" time="0.004" /><testcase classname="test.test_validate_schema" name="test_validate_das_field_request" time="0.004" /><testcase classname="test.test_validate_schema" name="test_validate_das_bad_field_request" time="0.004" /><testcase classname="test.test_validate_schema" name="test_validate_das_data_request" time="0.003" /><testcase classname="test.test_validate_schema" name="test_validate_das_bad_data_request" time="0.003" /><testcase classname="test.test_validate_schema" name="test_validate_das_opr_with_single_source_request" time="0.004" /><testcase classname="test.test_validate_schema" name="test_validate_das_bad_opr_with_single_source_request" time="0.004" /><testcase classname="test.test_validate_schema" name="test_validate_das_opr_with_multi_sources_request" time="0.006" /><testcase classname="test.test_validate_schema" name="test_validate_das_bad_opr_with_multi_sources_request" time="0.005" /><testcase classname="test.test_validate_schema" name="test_validate_simple_criteria_message" time="0.007" /><testcase classname="test.test_validate_schema" name="test_validate_criteria_message" time="0.007" /><testcase classname="test.test_validate_schema" name="test_validate_criteria_message_without_conditions" time="0.007" /><testcase classname="test.test_validate_schema" name="test_validate_criteria_message_with_missing_name" time="0.007" /><testcase classname="test.test_validate_schema" name="test_validate_criteria_message_with_bad_product_type" time="0.007" /><testcase classname="test.test_validate_schema" name="test_validate_criteria_message_with_bad_mapping" time="0.007" /><testcase classname="test.test_validate_schema" name="test_validate_event_port" time="0.009" /><testcase classname="test.test_validate_schema" name="test_validate_event_port_message_with_bad_geo_dist" time="0.009" /><testcase classname="test.test_validate_schema" name="test_validate_event_port_message_with_missing_metadata" time="0.009" /><testcase classname="test.test_validate_schema" name="test_validate_good_new_data_message" time="0.003" /></testsuite></testsuites>