<?xml version="1.0" encoding="utf-8"?><testsuites><testsuite name="pytest" errors="0" failures="0" skipped="0" tests="58" time="0.409" timestamp="2023-08-02T16:30:48.471938" hostname="fv-az1242-200"><testcase classname="test.test_aws_utils" name="test_get_path" time="0.002" /><testcase classname="test.test_aws_utils" name="test_aws_ls" time="0.002" /><testcase classname="test.test_aws_utils" name="test_aws_ls_without_prepend_path" time="0.001" /><testcase classname="test.test_aws_utils" name="test_aws_ls_retries_with_s3_command_line" time="0.001" /><testcase classname="test.test_aws_utils" name="test_aws_ls_returns_empty_array_on_error" time="0.001" /><testcase classname="test.test_aws_utils" name="test_aws_cp_succeeds" time="0.001" /><testcase classname="test.test_aws_utils" name="test_aws_cp_retries_with_s3_command_line" time="0.001" /><testcase classname="test.test_aws_utils" name="test_aws_cp_fails" time="0.001" /><testcase classname="test.test_aws_utils" name="test_check_for_succeeds" time="0.001" /><testcase classname="test.test_aws_utils" name="test_check_for_does_not_find_valid" time="0.001" /><testcase classname="test.test_aws_utils" name="test_get_issues" time="0.002" /><testcase classname="test.test_aws_utils" name="test_get_issues_returns_latest_issue_from_today_if_no_args_passed" time="0.001" /><testcase classname="test.test_aws_utils" name="test_get_valids_all" time="0.001" /><testcase classname="test.test_aws_utils" name="test_get_valids_with_start_filter" time="0.001" /><testcase classname="test.test_aws_utils" name="test_get_valids_with_start_and_end_filer" time="0.001" /><testcase classname="test.test_config" name="test_load_from_dict_without_key" time="0.001" /><testcase classname="test.test_config" name="test_load_from_dict_as_string_without_key" time="0.001" /><testcase classname="test.test_config" name="test_load_from_dict_with_name_key" time="0.001" /><testcase classname="test.test_config" name="test_load_from_dict_require_string_key" time="0.001" /><testcase classname="test.test_config" name="test_load_from_dict_require_list_key" time="0.001" /><testcase classname="test.test_config" name="test_load_with_missing_attribute_should_fail" time="0.001" /><testcase classname="test.test_config" name="test_config_str_with_no_files_raises_error" time="0.001" /><testcase classname="test.test_config" name="test_config_list_of_dicts_succeeds" time="0.001" /><testcase classname="test.test_config" name="test_load_with_ignore_missing_attribute" time="0.001" /><testcase classname="test.test_config" name="test_load_from_file" time="0.006" /><testcase classname="test.test_config" name="test_load_from_files_with_out_key" time="0.010" /><testcase classname="test.test_config" name="test_load_from_files_with_key" time="0.010" /><testcase classname="test.test_path_builder" name="test_from_dir_filename_creates_valid_pathbuilder" time="0.001" /><testcase classname="test.test_path_builder" name="test_from_path_creates_valid_pathbuilder" time="0.001" /><testcase classname="test.test_path_builder" name="test_dir_fmt" time="0.001" /><testcase classname="test.test_path_builder" name="test_filename_fmt" time="0.001" /><testcase classname="test.test_path_builder" name="test_file_ext" time="0.001" /><testcase classname="test.test_path_builder" name="test_path_fmt" time="0.001" /><testcase classname="test.test_path_builder" name="test_build_dir_gets_issue_valid_and_lead" time="0.001" /><testcase classname="test.test_path_builder" name="test_build_dir_fails_without_issue" time="0.001" /><testcase classname="test.test_path_builder" name="test_build_filename" time="0.001" /><testcase classname="test.test_path_builder" name="test_build_path" time="0.001" /><testcase classname="test.test_path_builder" name="test_parse_dir" time="0.001" /><testcase classname="test.test_path_builder" name="test_parse_filename" time="0.001" /><testcase classname="test.test_path_builder" name="test_get_issue" time="0.001" /><testcase classname="test.test_path_builder" name="test_get_valid_from_issue_and_lead" time="0.001" /><testcase classname="test.test_path_builder" name="test_get_valid_returns_none_when_issue_or_lead_failed" time="0.001" /><testcase classname="test.test_path_builder" name="test_get_issue_from_time_args" time="0.001" /><testcase classname="test.test_path_builder" name="test_get_issue_returns_none_if_args_empty" time="0.001" /><testcase classname="test.test_path_builder" name="test_get_valid_from_time_args" time="0.001" /><testcase classname="test.test_path_builder" name="test_get_valid_returns_none_if_args_empty" time="0.001" /><testcase classname="test.test_path_builder" name="test_get_valid_from_time_args_calculates_based_on_lead" time="0.001" /><testcase classname="test.test_path_builder" name="test_get_lead_from_time_args" time="0.001" /><testcase classname="test.test_utils" name="test_timedelta_minute" time="0.001" /><testcase classname="test.test_utils" name="test_timedelta_hour" time="0.001" /><testcase classname="test.test_utils" name="test_timedelta_day" time="0.001" /><testcase classname="test.test_utils" name="test_to_iso" time="0.001" /><testcase classname="test.test_utils" name="test_to_compact" time="0.001" /><testcase classname="test.test_utils" name="test_hash_code[Everyone is equal-1346529203]" time="0.001" /><testcase classname="test.test_utils" name="test_hash_code[You are awesome--1357061130]" time="0.001" /><testcase classname="test.test_utils" name="test_datetime_gen_forward" time="0.001" /><testcase classname="test.test_utils" name="test_datetime_gen_backwards" time="0.001" /><testcase classname="test.test_utils" name="test_datetime_gen_bound" time="0.001" /></testsuite></testsuites>