<?xml version="1.0" encoding="utf-8"?><testsuites name="pytest tests"><testsuite name="pytest" errors="0" failures="0" skipped="0" tests="279" time="6.692" timestamp="2025-12-22T19:31:05.074944+00:00" hostname="runnervmh13bl"><testcase classname="test.sci.test_bit_pack" name="test_get_min_max" time="0.002" /><testcase classname="test.sci.test_bit_pack" name="test_get_pack_info_with_decimals" time="0.001" /><testcase classname="test.sci.test_bit_pack" name="test_get_pack_info_with_pack_type" time="0.001" /><testcase classname="test.sci.test_bit_pack" name="test_pack_to_list" time="0.015" /><testcase classname="test.sci.test_bit_pack" name="test_pack_list_to_list" time="0.001" /><testcase classname="test.sci.test_bit_pack" name="test_pack_numpy" time="0.001" /><testcase classname="test.sci.test_bit_pack" name="test_pack_numpy_in_place" time="0.001" /><testcase classname="test.sci.test_bit_pack" name="test_pack_numpy_to_list" time="0.001" /><testcase classname="test.sci.test_geo_image" name="test_geo_image_without_data_grid" time="0.288" /><testcase classname="test.sci.test_geo_image" name="test_geo_image_from_data_grid" time="0.004" /><testcase classname="test.sci.test_geo_image" name="test_geo_image_from_data_grid_with_scale" time="0.004" /><testcase classname="test.sci.test_geo_image" name="test_set_pixel" time="0.004" /><testcase classname="test.sci.test_geo_image" name="test_outline_pixel" time="0.004" /><testcase classname="test.sci.test_geo_image" name="test_draw_point" time="0.004" /><testcase classname="test.sci.test_geo_image" name="test_draw_line_seg" time="0.015" /><testcase classname="test.sci.test_geo_image" name="test_draw_polygon" time="0.005" /><testcase classname="test.sci.test_geo_image" name="test_draw_multi_polygon" time="0.005" /><testcase classname="test.sci.test_geo_image" name="test_draw_geo_polygon" time="0.005" /><testcase classname="test.sci.test_geo_image" name="test_set_outline_pixel_for_shape" time="0.004" /><testcase classname="test.sci.test_geo_image" name="test_normalize" time="0.001" /><testcase classname="test.sci.test_geo_image" name="test_normalize_with_excludes" time="0.002" /><testcase classname="test.sci.test_geo_image" name="test_scale_to_color_palette" time="0.001" /><testcase classname="test.sci.test_geo_image" name="test_scale_to_color_palette_force_excludes" time="0.001" /><testcase classname="test.sci.test_geo_image" name="test_scale_to_color_palette_with_excludes" time="0.001" /><testcase classname="test.sci.test_geo_image" name="test_draw_state" time="0.445" /><testcase classname="test.sci.test_geo_image" name="test_add_one_state" time="0.320" /><testcase classname="test.sci.test_geo_image" name="test_add_list_of_states" time="0.315" /><testcase classname="test.sci.test_geo_image" name="test_color_palette" time="0.003" /><testcase classname="test.sci.test_geo_image" name="test_color_palette_with_anchor" time="0.002" /><testcase classname="test.sci.test_geo_image" name="test_add_all_states" time="2.695" /><testcase classname="test.sci.test_grid_proj" name="test_from_proj_grid_spec" time="0.002" /><testcase classname="test.sci.test_grid_proj" name="test_from_proj_grid_spec_with_offset" time="0.001" /><testcase classname="test.sci.test_grid_proj" name="test_get_width" time="0.001" /><testcase classname="test.sci.test_grid_proj" name="test_get_height" time="0.001" /><testcase classname="test.sci.test_grid_proj" name="test_get_shape" time="0.001" /><testcase classname="test.sci.test_grid_proj" name="test_fliplr" time="0.001" /><testcase classname="test.sci.test_grid_proj" name="test_flipud" time="0.001" /><testcase classname="test.sci.test_grid_proj" name="test_flip_both_lr_ud" time="0.001" /><testcase classname="test.sci.test_grid_proj" name="test_map_crs_to_pixel_round" time="0.001" /><testcase classname="test.sci.test_grid_proj" name="test_map_crs_to_pixel_floor" time="0.001" /><testcase classname="test.sci.test_grid_proj" name="test_map_geo_to_crs" time="0.001" /><testcase classname="test.sci.test_grid_proj" name="test_map_pixel_to_crs" time="0.001" /><testcase classname="test.sci.test_grid_proj" name="test_map_pixel_to_geo" time="0.001" /><testcase classname="test.sci.test_grid_proj" name="test_map_crs_to_geo" time="0.001" /><testcase classname="test.sci.test_grid_proj" name="test_crs_to_pixel_no_rounding" time="0.001" /><testcase classname="test.sci.test_grid_proj" name="test_crs_to_pixel_floor" time="0.001" /><testcase classname="test.sci.test_grid_proj" name="test_crs_to_pixel_round" time="0.001" /><testcase classname="test.sci.test_grid_proj" name="test_crs_to_pixel_round_str" time="0.001" /><testcase classname="test.sci.test_grid_proj" name="test_compound_transformations_stay_consistent" time="0.001" /><testcase classname="test.sci.test_grid_proj" name="test_geo_to_pixel_list" time="0.001" /><testcase classname="test.sci.test_grid_proj" name="test_pixel_to_geo_numpy_array" time="0.002" /><testcase classname="test.sci.test_grid_proj" name="test_geo_to_pixel_numpy_array" time="0.001" /><testcase classname="test.sci.test_grid_proj" name="test_unbalanced_pixel_or_crs_arrays_fail_to_transform" time="0.001" /><testcase classname="test.sci.test_grid_proj" name="test_slice_coords_to_str[[[-126.25, 19.27], [-126.22, 19.30]]]" time="0.001" /><testcase classname="test.sci.test_grid_proj" name="test_slice_coords_to_str[slice_coords1]" time="0.001" /><testcase classname="test.sci.test_grid_proj" name="test_slice_coords_to_str_min_buffer[100_0]" time="0.001" /><testcase classname="test.sci.test_grid_proj" name="test_slice_coords_to_str_min_buffer[100_1]" time="0.001" /><testcase classname="test.sci.test_grid_proj" name="test_slice_coords_to_str_negative_buffer" time="0.001" /><testcase classname="test.sci.test_grid_proj" name="test_slice_coords_to_str_min_size[[400, 300]]" time="0.001" /><testcase classname="test.sci.test_grid_proj" name="test_slice_coords_to_str_min_size[min_size1]" time="0.001" /><testcase classname="test.sci.test_grid_proj" name="test_clip_slice_str_min_max" time="0.001" /><testcase classname="test.sci.test_grid_proj" name="test_clip_slice_str_no_op" time="0.001" /><testcase classname="test.sci.test_grid_proj" name="test_clip_slice_str_min[[-712:1112,-301:-601]-[0:1112,0:0]]" time="0.001" /><testcase classname="test.sci.test_grid_proj" name="test_clip_slice_str_min[[712:1112,-301:601]-[712:1112,0:601]]" time="0.001" /><testcase classname="test.sci.test_grid_proj" name="test_clip_slice_str_max[[712:1112,300:601]-[712:1000,300:500]]" time="0.001" /><testcase classname="test.sci.test_grid_proj" name="test_clip_slice_str_max[[-1:1112,-301:601]-[-1:1000,-301:500]]" time="0.001" /><testcase classname="test.sci.test_netcdf_io" name="test_read_netcdf_global_attrs" time="0.006" /><testcase classname="test.sci.test_netcdf_io" name="test_read_netcdf" time="0.010" /><testcase classname="test.sci.test_netcdf_io" name="test_read_and_write_netcdf" time="0.040" /><testcase classname="test.sci.test_netcdf_io" name="test_write_netcdf_nonstring_attrs" time="0.035" /><testcase classname="test.sci.test_vectaster" name="test_geographic_point_to_pixel" time="0.002" /><testcase classname="test.sci.test_vectaster" name="test_geographic_linestring_to_pixel" time="0.002" /><testcase classname="test.sci.test_vectaster" name="test_geographic_polygon_to_pixel" time="0.002" /><testcase classname="test.sci.test_vectaster" name="test_geographic_to_pixel" time="0.003" /><testcase classname="test.sci.test_vectaster" name="test_rasterize_point" time="0.002" /><testcase classname="test.sci.test_vectaster" name="test_rasterize_point_from_coord" time="0.001" /><testcase classname="test.sci.test_vectaster" name="test_rasterize_point_without_grid_proj" time="0.001" /><testcase classname="test.sci.test_vectaster" name="test_rasterize_linestring" time="0.002" /><testcase classname="test.sci.test_vectaster" name="test_rasterize_polygon_as_linestring" time="0.002" /><testcase classname="test.sci.test_vectaster" name="test_rasterize_linestring_from_coords" time="0.002" /><testcase classname="test.sci.test_vectaster" name="test_rasterize_polygon" time="0.002" /><testcase classname="test.sci.test_vectaster" name="test_rasterize_polygon_from_coords" time="0.002" /><testcase classname="test.sci.test_vectaster" name="test_rasterize_polygon_with_hole" time="0.002" /><testcase classname="test.sci.test_vectaster" name="test_rasterize_multi_polygon" time="0.002" /><testcase classname="test.sci.test_vectaster" name="test_rasterize" time="0.003" /><testcase classname="test.test_aws_utils" name="test_get_path" time="0.001" /><testcase classname="test.test_aws_utils" name="test_ls" time="0.001" /><testcase classname="test.test_aws_utils" name="test_ls_without_prepend_path" time="0.001" /><testcase classname="test.test_aws_utils" name="test_ls_retries_with_s3" time="0.001" /><testcase classname="test.test_aws_utils" name="test_ls_on_error" time="0.001" /><testcase classname="test.test_aws_utils" name="test_cp_succeeds" time="0.001" /><testcase classname="test.test_aws_utils" name="test_cp_retries_with_s3_command_line" time="0.001" /><testcase classname="test.test_aws_utils" name="test_cp_permissions_error" time="0.001" /><testcase classname="test.test_aws_utils" name="test_cp_fails" time="0.001" /><testcase classname="test.test_aws_utils" name="test_check_for_succeeds" time="0.001" /><testcase classname="test.test_aws_utils" name="test_check_for_does_not_find_valid" time="0.001" /><testcase classname="test.test_aws_utils" name="test_get_issues" time="0.003" /><testcase classname="test.test_aws_utils" name="test_get_issues_with_same_start_stop" time="0.002" /><testcase classname="test.test_aws_utils" name="test_get_issues_latest_issue_default_today" time="0.005" /><testcase classname="test.test_aws_utils" name="test_get_valids_all" time="0.001" /><testcase classname="test.test_aws_utils" name="test_get_valids_with_start_filter" time="0.001" /><testcase classname="test.test_aws_utils" name="test_get_valids_with_start_and_end_filer" time="0.001" /><testcase classname="test.test_aws_utils" name="test_get_valids_with_same_start_end_filer" time="0.001" /><testcase classname="test.test_aws_utils" name="test_get_valids_with_wildcards" time="0.001" /><testcase classname="test.test_config" name="test_load_from_dict_without_key" time="0.001" /><testcase classname="test.test_config" name="test_load_from_dict_as_string_without_key" time="0.001" /><testcase classname="test.test_config" name="test_load_from_dict_with_name_key" time="0.001" /><testcase classname="test.test_config" name="test_load_from_dict_require_string_key" time="0.001" /><testcase classname="test.test_config" name="test_load_from_dict_require_list_key" time="0.001" /><testcase classname="test.test_config" name="test_load_with_missing_attribute_should_fail" time="0.001" /><testcase classname="test.test_config" name="test_config_str_with_no_files_raises_error" time="0.001" /><testcase classname="test.test_config" name="test_config_list_of_dicts_succeeds" time="0.001" /><testcase classname="test.test_config" name="test_load_with_ignore_missing_attribute" time="0.001" /><testcase classname="test.test_config" name="test_load_from_file" time="0.004" /><testcase classname="test.test_config" name="test_load_from_files_with_out_key" time="0.008" /><testcase classname="test.test_config" name="test_load_from_files_with_key" time="0.007" /><testcase classname="test.test_http_utils" name="test_get_path" time="0.001" /><testcase classname="test.test_http_utils" name="test_ls" time="0.010" /><testcase classname="test.test_http_utils" name="test_ls_error" time="0.005" /><testcase classname="test.test_http_utils" name="test_ls_without_prepend_path" time="0.004" /><testcase classname="test.test_http_utils" name="test_cp_succeeds" time="0.005" /><testcase classname="test.test_http_utils" name="test_cp_fails" time="0.004" /><testcase classname="test.test_http_utils" name="test_check_for_succeeds" time="0.005" /><testcase classname="test.test_http_utils" name="test_check_for_does_not_find_valid" time="0.004" /><testcase classname="test.test_http_utils" name="test_get_issues" time="0.005" /><testcase classname="test.test_http_utils" name="test_get_issues_with_same_start_stop" time="0.005" /><testcase classname="test.test_http_utils" name="test_get_valids" time="0.005" /><testcase classname="test.test_http_utils" name="test_get_valids_all" time="0.005" /><testcase classname="test.test_http_utils" name="test_get_valids_with_wildcards" time="0.004" /><testcase classname="test.test_json_message" name="test_get_corr_id_dict" time="0.001" /><testcase classname="test.test_json_message" name="test_get_corr_id_str" time="0.001" /><testcase classname="test.test_json_message" name="test_get_corr_id_empty_corr_id" time="0.001" /><testcase classname="test.test_json_message" name="test_get_corr_id_originator" time="0.001" /><testcase classname="test.test_json_message" name="test_get_corr_id_uuid" time="0.001" /><testcase classname="test.test_json_message" name="test_get_corr_id_issue_dt" time="0.001" /><testcase classname="test.test_json_message" name="test_json_get_corr_id_failure" time="0.001" /><testcase classname="test.test_json_message" name="test_add_corr_id" time="0.001" /><testcase classname="test.test_json_message" name="test_add_corr_id_str" time="0.001" /><testcase classname="test.test_json_message" name="test_add_corr_id_uuid" time="0.001" /><testcase classname="test.test_json_message" name="test_add_corr_id_issue_dt" time="0.001" /><testcase classname="test.test_log_util" name="test_add_correlation_id_filter" time="0.001" /><testcase classname="test.test_log_util" name="test_set_corr_id" time="0.001" /><testcase classname="test.test_log_util" name="test_set_corr_id_datetime" time="0.001" /><testcase classname="test.test_log_util" name="test_get_default_log_config_with_corr_id" time="0.004" /><testcase classname="test.test_log_util" name="test_get_default_log_config_no_corr_id" time="0.001" /><testcase classname="test.test_log_util" name="test_getting_logs_from_threaded_func" time="0.102" /><testcase classname="test.test_log_util" name="test_getting_logs_from_thread_class" time="0.002" /><testcase classname="test.test_path_builder" name="test_from_dir_filename_creates_valid_path_builder" time="0.001" /><testcase classname="test.test_path_builder" name="test_from_path_creates_valid_path_builder" time="0.001" /><testcase classname="test.test_path_builder" name="test_dir_fmt" time="0.001" /><testcase classname="test.test_path_builder" name="test_filename_fmt" time="0.001" /><testcase classname="test.test_path_builder" name="test_file_ext" time="0.001" /><testcase classname="test.test_path_builder" name="test_path_fmt" time="0.001" /><testcase classname="test.test_path_builder" name="test_build_dir_gets_issue_valid_and_lead" time="0.001" /><testcase classname="test.test_path_builder" name="test_build_dir_fails_without_issue" time="0.001" /><testcase classname="test.test_path_builder" name="test_build_filename" time="0.001" /><testcase classname="test.test_path_builder" name="test_build_path" time="0.001" /><testcase classname="test.test_path_builder" name="test_build_path_with_invalid_lead" time="0.001" /><testcase classname="test.test_path_builder" name="test_build_path_with_region" time="0.001" /><testcase classname="test.test_path_builder" name="test_build_path_with_invalid_region" time="0.001" /><testcase classname="test.test_path_builder" name="test_build_path_with_required_but_missing_region" time="0.001" /><testcase classname="test.test_path_builder" name="test_parse_dir" time="0.001" /><testcase classname="test.test_path_builder" name="test_parse_filename" time="0.001" /><testcase classname="test.test_path_builder" name="test_get_issue" time="0.001" /><testcase classname="test.test_path_builder" name="test_get_valid_from_issue_and_lead" time="0.001" /><testcase classname="test.test_path_builder" name="test_get_valid_returns_none_when_issue_or_lead_failed" time="0.001" /><testcase classname="test.test_rabbitmq_rpc" name="test_rpc_opens_new_connection_and_channel" time="0.006" /><testcase classname="test.test_rabbitmq_rpc" name="test_stop_does_nothing_if_not_started" time="0.005" /><testcase classname="test.test_rabbitmq_rpc" name="test_send_request_works_without_calling_start" time="0.005" /><testcase classname="test.test_rabbitmq_rpc" name="test_send_request_times_out_if_no_response" time="0.015" /><testcase classname="test.test_rabbitmq_rpc" name="test_send_requests_raises_on_error" time="0.005" /><testcase classname="test.test_rabbitmq_rpc" name="test_nacks_unrecognized_response" time="0.004" /><testcase classname="test.test_rabbitmq_rpc" name="test_rpc_consumer_start_stop" time="0.004" /><testcase classname="test.test_rabbitmq_rpc" name="test_rpc_consumer_on_message_ack" time="0.036" /><testcase classname="test.test_rabbitmq_rpc" name="test_rpc_consumer_on_message_nack" time="0.005" /><testcase classname="test.test_rabbitmq_utils" name="test_connection_params_works" time="0.009" /><testcase classname="test.test_rabbitmq_utils" name="test_private_queue_sets_ttl" time="0.008" /><testcase classname="test.test_rabbitmq_utils" name="test_passing_connection_does_not_create_new" time="0.008" /><testcase classname="test.test_rabbitmq_utils" name="test_passing_unsupported_connection_type_fails" time="0.001" /><testcase classname="test.test_rabbitmq_utils" name="test_direct_reply_does_not_declare_queue" time="0.007" /><testcase classname="test.test_rabbitmq_utils" name="test_default_exchange_does_not_declare_exchange" time="0.007" /><testcase classname="test.test_rabbitmq_utils" name="test_simple_publisher" time="0.005" /><testcase classname="test.test_rabbitmq_utils" name="test_consumer_initialization" time="0.007" /><testcase classname="test.test_rabbitmq_utils" name="test_consumer_start" time="0.006" /><testcase classname="test.test_rabbitmq_utils" name="test_on_message" time="0.006" /><testcase classname="test.test_rabbitmq_utils" name="test_publish_success" time="0.003" /><testcase classname="test.test_rabbitmq_utils" name="test_publish_failure" time="0.003" /><testcase classname="test.test_rabbitmq_utils" name="test_publish_with_private_queue" time="0.003" /><testcase classname="test.test_rabbitmq_utils" name="test_publish_unroutable_error" time="0.004" /><testcase classname="test.test_rabbitmq_utils" name="test_setup_exch_and_queue_with_default_exchange" time="0.002" /><testcase classname="test.test_rabbitmq_utils" name="test_setup_exch_and_queue_with_exchange" time="0.003" /><testcase classname="test.test_rabbitmq_utils" name="test_setup_exch_and_queue_with_quorum_queue" time="0.002" /><testcase classname="test.test_rabbitmq_utils" name="test_setup_exch_and_queue_direct_reply_to" time="0.002" /><testcase classname="test.test_rabbitmq_utils" name="test_threadsafe_call_with_open_channel" time="0.003" /><testcase classname="test.test_rabbitmq_utils" name="test_threadsafe_call_with_closed_channel" time="0.003" /><testcase classname="test.test_rabbitmq_utils" name="test_threadsafe_ack" time="0.003" /><testcase classname="test.test_rabbitmq_utils" name="test_threadsafe_ack_without_extra_func" time="0.002" /><testcase classname="test.test_rabbitmq_utils" name="test_threadsafe_nack" time="0.003" /><testcase classname="test.test_rabbitmq_utils" name="test_threadsafe_nack_without_extra_func" time="0.002" /><testcase classname="test.test_utils" name="test_timedelta_minute" time="0.001" /><testcase classname="test.test_utils" name="test_timedelta_hour" time="0.001" /><testcase classname="test.test_utils" name="test_timedelta_day" time="0.001" /><testcase classname="test.test_utils" name="test_map_dict_init_with_args" time="0.001" /><testcase classname="test.test_utils" name="test_map_dict_init_with_kwargs" time="0.001" /><testcase classname="test.test_utils" name="test_map_dict_set_value" time="0.001" /><testcase classname="test.test_utils" name="test_exec_cmd" time="0.002" /><testcase classname="test.test_utils" name="test_strtobool[TRUE-True]" time="0.001" /><testcase classname="test.test_utils" name="test_strtobool[yes-True]" time="0.001" /><testcase classname="test.test_utils" name="test_strtobool[f-False]" time="0.001" /><testcase classname="test.test_utils" name="test_strtobool[0-False]" time="0.001" /><testcase classname="test.test_utils" name="test_to_iso" time="0.001" /><testcase classname="test.test_utils" name="test_to_compact" time="0.001" /><testcase classname="test.test_utils" name="test_hash_code[Everyone is equal-1346529203]" time="0.001" /><testcase classname="test.test_utils" name="test_hash_code[You are awesome--1357061130]" time="0.001" /><testcase classname="test.test_utils" name="test_dict_copy_with" time="0.001" /><testcase classname="test.test_utils" name="test_datetime_gen_forward" time="0.001" /><testcase classname="test.test_utils" name="test_datetime_gen_backwards" time="0.001" /><testcase classname="test.test_utils" name="test_datetime_gen_bound" time="0.001" /><testcase classname="test.test_utils" name="test_datetime_gen_switch_time_delta_sign" time="0.001" /><testcase classname="test.test_utils" name="test_round_half_away_int[2.5-3]" time="0.001" /><testcase classname="test.test_utils" name="test_round_half_away_int[-14.5--15]" time="0.001" /><testcase classname="test.test_utils" name="test_round_half_away_int[3.49999-3]" time="0.001" /><testcase classname="test.test_utils" name="test_round_half_away_float[9.5432-9.5]" time="0.001" /><testcase classname="test.test_utils" name="test_round_half_away_float[-0.8765--0.9]" time="0.001" /><testcase classname="test.test_utils" name="test_round_half_away_with_precision[100.987654321-100.988]" time="0.001" /><testcase classname="test.test_utils" name="test_round_half_away_with_precision[-43.21098--43.211]" time="0.001" /><testcase classname="test.test_utils" name="test_round_half_away_with_precision[3.141592653589793-3.142]" time="0.001" /><testcase classname="test.test_utils" name="test_invalid_rounding_method_raises_error" time="0.001" /><testcase classname="test.test_utils" name="test_is_valid_uuid_success" time="0.001" /><testcase classname="test.test_utils" name="test_is_valid_uuid_failure" time="0.001" /><testcase classname="test.test_utils" name="test_lock_acquire" time="0.001" /><testcase classname="test.test_utils" name="test_lock_expired" time="0.003" /><testcase classname="test.test_utils" name="test_lock_timeout" time="0.102" /><testcase classname="test.test_utils" name="test_lock_creates_parent_dir" time="0.001" /><testcase classname="test.test_validate_criteria_schema" name="test_validate_simple_criteria_message" time="0.005" /><testcase classname="test.test_validate_criteria_schema" name="test_validate_criteria_message" time="0.005" /><testcase classname="test.test_validate_criteria_schema" name="test_validate_criteria_message_without_conditions" time="0.004" /><testcase classname="test.test_validate_criteria_schema" name="test_validate_criteria_message_with_missing_name" time="0.003" /><testcase classname="test.test_validate_criteria_schema" name="test_validate_criteria_message_with_bad_product_type" time="0.004" /><testcase classname="test.test_validate_criteria_schema" name="test_validate_criteria_message_with_bad_mapping" time="0.005" /><testcase classname="test.test_validate_das_schema" name="test_validate_das_issue_request" time="0.002" /><testcase classname="test.test_validate_das_schema" name="test_validate_das_bad_issue_request" time="0.003" /><testcase classname="test.test_validate_das_schema" name="test_validate_das_valid_request" time="0.002" /><testcase classname="test.test_validate_das_schema" name="test_validate_das_bad_valid_request" time="0.003" /><testcase classname="test.test_validate_das_schema" name="test_validate_das_lead_request" time="0.004" /><testcase classname="test.test_validate_das_schema" name="test_validate_das_bad_lead_request" time="0.003" /><testcase classname="test.test_validate_das_schema" name="test_validate_das_field_request" time="0.003" /><testcase classname="test.test_validate_das_schema" name="test_validate_das_bad_field_request" time="0.003" /><testcase classname="test.test_validate_das_schema" name="test_validate_das_data_request" time="0.002" /><testcase classname="test.test_validate_das_schema" name="test_validate_das_bad_data_request" time="0.002" /><testcase classname="test.test_validate_das_schema" name="test_validate_das_opr_with_single_source_request" time="0.003" /><testcase classname="test.test_validate_das_schema" name="test_validate_das_bad_opr_with_single_source_request" time="0.003" /><testcase classname="test.test_validate_das_schema" name="test_validate_das_opr_with_multi_sources_request" time="0.006" /><testcase classname="test.test_validate_das_schema" name="test_validate_das_bad_opr_with_multi_sources_request" time="0.005" /><testcase classname="test.test_validate_das_schema" name="test_validate_das_data_response" time="0.003" /><testcase classname="test.test_validate_das_web_schema" name="test_validate_das_web_request_message" time="0.003" /><testcase classname="test.test_validate_das_web_schema" name="test_validate_das_web_request_message_with_bbox_list" time="0.003" /><testcase classname="test.test_validate_das_web_schema" name="test_validate_das_web_request_message_bad_bbox_list" time="0.004" /><testcase classname="test.test_validate_das_web_schema" name="test_validate_das_web_request_message_bad_bbox_obj" time="0.003" /><testcase classname="test.test_validate_das_web_schema" name="test_validate_das_web_request_message_multi_product" time="0.002" /><testcase classname="test.test_validate_das_web_schema" name="test_validate_das_web_response_message" time="0.004" /><testcase classname="test.test_validate_das_web_schema" name="test_validate_das_web_response_message_without_data" time="0.003" /><testcase classname="test.test_validate_das_web_schema" name="test_validate_das_web_response_message_bad_data_key" time="0.003" /><testcase classname="test.test_validate_das_web_schema" name="test_validate_das_web_response_message_bad_data" time="0.003" /><testcase classname="test.test_validate_event_port_schema" name="test_validate_event_port_message" time="0.007" /><testcase classname="test.test_validate_event_port_schema" name="test_validate_event_port_with_empty_results" time="0.004" /><testcase classname="test.test_validate_event_port_schema" name="test_validate_event_port_message_without_results" time="0.004" /><testcase classname="test.test_validate_event_port_schema" name="test_validate_event_port_message_with_bad_geo_dist" time="0.005" /><testcase classname="test.test_validate_event_port_schema" name="test_validate_event_port_message_with_missing_metadata" time="0.005" /><testcase classname="test.test_validate_event_port_schema" name="test_validate_event_port_message_with_missing_type_in_metadata" time="0.006" /><testcase classname="test.test_validate_new_data_schema" name="test_validate_new_field_data_message" time="0.003" /><testcase classname="test.test_validate_new_data_schema" name="test_validate_new_missing_field_data_message" time="0.003" /><testcase classname="test.test_validate_new_data_schema" name="test_validate_new_field_data_message_missing_region" time="0.003" /><testcase classname="test.test_validate_new_data_schema" name="test_validate_new_valid_data_message" time="0.003" /><testcase classname="test.test_validate_new_data_schema" name="test_validate_new_missing_valid_data_message" time="0.003" /><testcase classname="test.test_validate_new_data_schema" name="test_validate_new_valid_data_message_bad_field" time="0.003" /><testcase classname="test.test_validate_new_data_schema" name="test_validate_new_issue_data_message" time="0.003" /><testcase classname="test.test_validate_new_data_schema" name="test_validate_new_missing_issue_data_message" time="0.004" /><testcase classname="test.test_validate_new_data_schema" name="test_validate_new_issue_data_message_bad_valid_string" time="0.294" /></testsuite></testsuites>