<?xml version="1.0" encoding="utf-8"?><testsuites><testsuite name="pytest" errors="1" failures="0" skipped="0" tests="1" time="0.422" timestamp="2023-08-14T17:24:43.067451" hostname="fv-az450-487"><testcase classname="" name="test.test_validate_schema" time="0.000"><error message="collection failure">ImportError while importing test module '/home/runner/work/idss-engine-commons/idss-engine-commons/python/idsse_common/test/test_validate_schema.py'.
Hint: make sure your test modules/packages have valid Python names.
Traceback:
/opt/hostedtoolcache/Python/3.11.4/x64/lib/python3.11/importlib/__init__.py:126: in import_module
    return _bootstrap._gcd_import(name[level:], package, level)
test_validate_schema.py:12: in &lt;module&gt;
    from jsonschema.exceptions import ValidationError
E   ModuleNotFoundError: No module named 'jsonschema'</error></testcase></testsuite></testsuites>