<?xml version="1.0" encoding="utf-8"?><testsuites><testsuite name="pytest" errors="4" failures="0" skipped="0" tests="4" time="0.591" timestamp="2023-08-30T20:39:27.315833" hostname="fv-az419-879"><testcase classname="" name="test.test_aws_utils" time="0.000"><error message="collection failure">ImportError while importing test module '/home/runner/work/idss-engine-commons/idss-engine-commons/python/idsse_common/test/test_aws_utils.py'.
Hint: make sure your test modules/packages have valid Python names.
Traceback:
/opt/hostedtoolcache/Python/3.11.4/x64/lib/python3.11/importlib/__init__.py:126: in import_module
    return _bootstrap._gcd_import(name[level:], package, level)
test_aws_utils.py:18: in &lt;module&gt;
    from idsse.common.aws_utils import AwsUtils
../idsse/common/aws_utils.py:18: in &lt;module&gt;
    from .path_builder import PathBuilder
../idsse/common/path_builder.py:24: in &lt;module&gt;
    from .utils import TimeDelta
../idsse/common/utils.py:15: in &lt;module&gt;
    import pygrib
E   ModuleNotFoundError: No module named 'pygrib'</error></testcase><testcase classname="" name="test.test_grid_proj" time="0.000"><error message="collection failure">ImportError while importing test module '/home/runner/work/idss-engine-commons/idss-engine-commons/python/idsse_common/test/test_grid_proj.py'.
Hint: make sure your test modules/packages have valid Python names.
Traceback:
/opt/hostedtoolcache/Python/3.11.4/x64/lib/python3.11/importlib/__init__.py:126: in import_module
    return _bootstrap._gcd_import(name[level:], package, level)
test_grid_proj.py:18: in &lt;module&gt;
    from idsse.common.grid_proj import GridProj, RoundingMethod
../idsse/common/grid_proj.py:17: in &lt;module&gt;
    from pyproj import CRS, Transformer
E   ModuleNotFoundError: No module named 'pyproj'</error></testcase><testcase classname="" name="test.test_path_builder" time="0.000"><error message="collection failure">ImportError while importing test module '/home/runner/work/idss-engine-commons/idss-engine-commons/python/idsse_common/test/test_path_builder.py'.
Hint: make sure your test modules/packages have valid Python names.
Traceback:
/opt/hostedtoolcache/Python/3.11.4/x64/lib/python3.11/importlib/__init__.py:126: in import_module
    return _bootstrap._gcd_import(name[level:], package, level)
test_path_builder.py:16: in &lt;module&gt;
    from idsse.common.utils import TimeDelta
../idsse/common/utils.py:15: in &lt;module&gt;
    import pygrib
E   ModuleNotFoundError: No module named 'pygrib'</error></testcase><testcase classname="" name="test.test_utils" time="0.000"><error message="collection failure">ImportError while importing test module '/home/runner/work/idss-engine-commons/idss-engine-commons/python/idsse_common/test/test_utils.py'.
Hint: make sure your test modules/packages have valid Python names.
Traceback:
/opt/hostedtoolcache/Python/3.11.4/x64/lib/python3.11/importlib/__init__.py:126: in import_module
    return _bootstrap._gcd_import(name[level:], package, level)
test_utils.py:19: in &lt;module&gt;
    from idsse.common.utils import TimeDelta, Map
../idsse/common/utils.py:15: in &lt;module&gt;
    import pygrib
E   ModuleNotFoundError: No module named 'pygrib'</error></testcase></testsuite></testsuites>